<?xml version="1.0" encoding="UTF-8"?>
<testsuite xmlns:xsi="http://www.w3.org/2001/XMLSchema-instance" xsi:noNamespaceSchemaLocation="https://maven.apache.org/surefire/maven-surefire-plugin/xsd/surefire-test-report-3.0.xsd" version="3.0" name="com.luv2code.ecommerce.SpringBootEcommerceApplicationTests" time="5.604" tests="1" errors="0" skipped="0" failures="0">
  <properties>
[...]
</properties>
  <testcase name="contextLoads" classname="com.luv2code.ecommerce.SpringBootEcommerceApplicationTests" time="0.906">
    <system-out><![CDATA[14:17:11.789 [main] INFO org.springframework.test.context.support.AnnotationConfigContextLoaderUtils -- Could not detect default configuration classes for test class [com.luv2code.ecommerce.SpringBootEcommerceApplicationTests]: SpringBootEcommerceApplicationTests does not declare any static, non-private, non-final, nested classes annotated with @Configuration.
14:17:11.931 [main] INFO org.springframework.boot.test.context.SpringBootTestContextBootstrapper -- Found @SpringBootConfiguration com.luv2code.ecommerce.SpringBootEcommerceApplication for test class com.luv2code.ecommerce.SpringBootEcommerceApplicationTests

  .   ____          _            __ _ _
 /\\ / ___'_ __ _ _(_)_ __  __ _ \ \ \ \
( ( )\___ | '_ | '_| | '_ \/ _` | \ \ \ \
 \\/  ___)| |_)| | | | | || (_| |  ) ) ) )
  '  |____| .__|_| |_|_| |_\__, | / / / /
 =========|_|==============|___/=/_/_/_/
 :: Spring Boot ::                (v3.2.0)

2024-01-04T14:17:12.724+05:30  INFO 14244 --- [           main] .l.e.SpringBootEcommerceApplicationTests : Starting SpringBootEcommerceApplicationTests using Java 17.0.9 with PID 14244 (started by isuru in G:\Udemy Course\backend\spring-boot-ecommerce)
2024-01-04T14:17:12.727+05:30  INFO 14244 --- [           main] .l.e.SpringBootEcommerceApplicationTests : No active profile set, falling back to 1 default profile: "default"
2024-01-04T14:17:13.564+05:30  INFO 14244 --- [           main] .s.d.r.c.RepositoryConfigurationDelegate : Bootstrapping Spring Data JPA repositories in DEFAULT mode.
2024-01-04T14:17:13.585+05:30  INFO 14244 --- [           main] .s.d.r.c.RepositoryConfigurationDelegate : Finished Spring Data repository scanning in 13 ms. Found 0 JPA repository interfaces.
2024-01-04T14:17:14.046+05:30  INFO 14244 --- [           main] com.zaxxer.hikari.HikariDataSource       : HikariPool-1 - Starting...
2024-01-04T14:17:14.227+05:30  INFO 14244 --- [           main] com.zaxxer.hikari.pool.HikariPool        : HikariPool-1 - Added connection com.mysql.cj.jdbc.ConnectionImpl@f238e4f
2024-01-04T14:17:14.230+05:30  INFO 14244 --- [           main] com.zaxxer.hikari.HikariDataSource       : HikariPool-1 - Start completed.
2024-01-04T14:17:14.275+05:30  INFO 14244 --- [           main] o.hibernate.jpa.internal.util.LogHelper  : HHH000204: Processing PersistenceUnitInfo [name: default]
2024-01-04T14:17:14.332+05:30  INFO 14244 --- [           main] org.hibernate.Version                    : HHH000412: Hibernate ORM core version 6.3.1.Final
2024-01-04T14:17:14.383+05:30  INFO 14244 --- [           main] o.h.c.internal.RegionFactoryInitiator    : HHH000026: Second-level cache disabled
2024-01-04T14:17:14.688+05:30  INFO 14244 --- [           main] o.s.o.j.p.SpringPersistenceUnitInfo      : No LoadTimeWeaver setup: ignoring JPA class transformer
2024-01-04T14:17:14.761+05:30  WARN 14244 --- [           main] org.hibernate.dialect.Dialect            : HHH000511: The 5.5.0 version for [org.hibernate.dialect.MySQLDialect] is no longer supported, hence certain features may not work properly. The minimum supported version is 5.7.0. Check the community dialects project for available legacy versions.
2024-01-04T14:17:15.054+05:30  INFO 14244 --- [           main] o.h.e.t.j.p.i.JtaPlatformInitiator       : HHH000489: No JTA platform available (set 'hibernate.transaction.jta.platform' to enable JTA platform integration)
2024-01-04T14:17:15.060+05:30  INFO 14244 --- [           main] j.LocalContainerEntityManagerFactoryBean : Initialized JPA EntityManagerFactory for persistence unit 'default'
2024-01-04T14:17:16.175+05:30  INFO 14244 --- [           main] .l.e.SpringBootEcommerceApplicationTests : Started SpringBootEcommerceApplicationTests in 3.999 seconds (process running for 5.473)
]]></system-out>
  </testcase>
</testsuite>